{"level":"info","message":"GET en /loggerTest - 2024-01-20T21:32:09.750Z","timestamp":"2024-01-20T21:32:09.750Z"}
{"level":"debug","message":"Este es un mensaje de debug","timestamp":"2024-01-20T21:32:09.750Z"}
{"level":"http","message":"Este es un mensaje de http","timestamp":"2024-01-20T21:32:09.751Z"}
{"level":"info","message":"Este es un mensaje de info","timestamp":"2024-01-20T21:32:09.751Z"}
{"level":"warning","message":"Este es un mensaje de warning","timestamp":"2024-01-20T21:32:09.751Z"}
{"level":"error","message":"Este es un mensaje de error","timestamp":"2024-01-20T21:32:09.751Z"}
{"level":"info","message":"GET en /loggerTest - 2024-01-20T21:33:20.613Z","timestamp":"2024-01-20T21:33:20.615Z"}
{"level":"debug","message":"Este es un mensaje de debug","timestamp":"2024-01-20T21:33:20.616Z"}
{"level":"http","message":"Este es un mensaje de http","timestamp":"2024-01-20T21:33:20.616Z"}
{"level":"info","message":"Este es un mensaje de info","timestamp":"2024-01-20T21:33:20.616Z"}
{"level":"warning","message":"Este es un mensaje de warning","timestamp":"2024-01-20T21:33:20.616Z"}
{"level":"error","message":"Este es un mensaje de error","timestamp":"2024-01-20T21:33:20.616Z"}
{"level":"info","message":"GET en /loggerTest - 2024-01-20T21:33:47.072Z","timestamp":"2024-01-20T21:33:47.074Z"}
{"level":"debug","message":"Este es un mensaje de debug","timestamp":"2024-01-20T21:33:47.075Z"}
{"level":"http","message":"Este es un mensaje de http","timestamp":"2024-01-20T21:33:47.076Z"}
{"level":"info","message":"Este es un mensaje de info","timestamp":"2024-01-20T21:33:47.076Z"}
{"level":"warning","message":"Este es un mensaje de warning","timestamp":"2024-01-20T21:33:47.076Z"}
{"level":"error","message":"Este es un mensaje de error","timestamp":"2024-01-20T21:33:47.076Z"}
{"level":"info","message":"GET en /loggerTest - 2024-01-20T21:34:31.289Z","timestamp":"2024-01-20T21:34:31.292Z"}
{"level":"debug","message":"Este es un mensaje de debug","timestamp":"2024-01-20T21:34:31.293Z"}
{"level":"http","message":"Este es un mensaje de http","timestamp":"2024-01-20T21:34:31.293Z"}
{"level":"info","message":"Este es un mensaje de info","timestamp":"2024-01-20T21:34:31.293Z"}
{"level":"warning","message":"Este es un mensaje de warning","timestamp":"2024-01-20T21:34:31.293Z"}
{"level":"error","message":"Este es un mensaje de error","timestamp":"2024-01-20T21:34:31.294Z"}
{"level":"debug","message":"Este es un mensaje de prueba desde el logger en desarrollo.","timestamp":"2024-01-20T21:41:25.661Z"}
{"level":"debug","message":"Este es un mensaje de prueba desde el logger en desarrollo.","timestamp":"2024-01-20T21:45:09.706Z"}
{"level":"debug","message":"Este es un mensaje de prueba desde el logger en desarrollo.","timestamp":"2024-01-20T21:45:19.629Z"}
{"level":"debug","message":"Este es un mensaje de prueba desde el logger en desarrollo.","timestamp":"2024-01-20T21:50:39.154Z"}
{"level":"debug","message":"Este es un mensaje de prueba desde el logger en desarrollo.","timestamp":"2024-01-20T21:51:04.879Z"}
{"level":"debug","message":"Este es un mensaje de prueba desde el logger en desarrollo.","timestamp":"2024-01-20T21:51:19.834Z"}
{"level":"debug","message":"Este es un mensaje de prueba desde el logger de DEVELOPMENT.","timestamp":"2024-01-20T21:53:45.403Z"}
{"level":"debug","message":"Este es un mensaje de prueba desde el logger de PRODUCTION.","timestamp":"2024-01-20T21:53:55.337Z"}
{"level":"debug","message":"Este es un mensaje de prueba desde el logger de DEVELOPMENT.","timestamp":"2024-01-20T21:53:58.257Z"}
{"level":"debug","message":"Este es un mensaje de prueba desde el logger de DEVELOPMENT.","timestamp":"2024-01-20T22:13:22.679Z"}
{"level":"debug","message":"Este es un mensaje de prueba desde el logger de DEVELOPMENT.","timestamp":"2024-01-20T22:21:31.899Z"}
{"level":"info","message":"GET en / - 2024-01-20T22:21:36.403Z","timestamp":"2024-01-20T22:21:36.403Z"}
{"level":"info","message":"GET en / - 2024-01-20T22:22:14.411Z","timestamp":"2024-01-20T22:22:14.411Z"}
{"level":"info","message":"GET en / - 2024-01-20T22:23:06.589Z","timestamp":"2024-01-20T22:23:06.589Z"}
{"level":"debug","message":"Este es un mensaje de prueba desde el logger de DEVELOPMENT.","timestamp":"2024-01-20T22:24:03.316Z"}
{"level":"info","message":"Logger middleware applied for GET on / - 2024-01-20T22:24:12.123Z","timestamp":"2024-01-20T22:24:12.123Z"}
{"level":"debug","message":"Este es un mensaje de prueba desde el logger de DEVELOPMENT.","timestamp":"2024-01-20T22:27:17.430Z"}
{"level":"info","message":"Logger middleware applied for GET on / - 2024-01-20T22:27:23.198Z","timestamp":"2024-01-20T22:27:23.199Z"}
{"level":"info","message":"Logger middleware applied for GET on / - 2024-01-20T22:27:46.747Z","timestamp":"2024-01-20T22:27:46.748Z"}
{"level":"debug","message":"Este es un mensaje de prueba desde el logger de DEVELOPMENT.","timestamp":"2024-01-20T22:30:01.313Z"}
{"level":"info","message":"Logger middleware applied for GET on /mockingproducts - 2024-01-20T22:30:12.948Z","timestamp":"2024-01-20T22:30:12.948Z"}
{"level":"debug","message":"Este es un mensaje de prueba desde el logger de DEVELOPMENT.","timestamp":"2024-01-20T22:36:07.316Z"}
{"level":"debug","message":"Este es un mensaje de prueba desde el logger de DEVELOPMENT.","timestamp":"2024-01-20T22:36:46.808Z"}
{"level":"info","message":"Logger middleware applied for GET on / - 2024-01-20T22:36:57.826Z","timestamp":"2024-01-20T22:36:57.826Z"}
{"level":"debug","message":"Este es un mensaje de prueba desde el logger de DEVELOPMENT.","timestamp":"2024-01-20T22:38:34.604Z"}
{"level":"info","message":"Logger middleware applied for GET on /65940f5966470a2b0381421d - 2024-01-20T22:38:47.512Z","timestamp":"2024-01-20T22:38:47.512Z"}
{"level":"info","message":"Logger middleware applied for GET on /65940f5966470a2b0381421d - 2024-01-20T22:38:54.834Z","timestamp":"2024-01-20T22:38:54.834Z"}
{"level":"debug","message":"Este es un mensaje de prueba desde el logger de DEVELOPMENT.","timestamp":"2024-01-20T23:01:37.244Z"}
{"level":"debug","message":"Este es un mensaje de prueba desde el logger de DEVELOPMENT.","timestamp":"2024-01-20T23:03:17.634Z"}
{"level":"info","message":"Logger middleware applied for GET on / - 2024-01-20T23:03:30.127Z","timestamp":"2024-01-20T23:03:30.127Z"}
{"level":"info","message":"Logger middleware applied for GET on /6594aae2250582db19fe0e0a - 2024-01-20T23:03:41.529Z","timestamp":"2024-01-20T23:03:41.529Z"}
{"level":"debug","message":"Este es un mensaje de prueba desde el logger de DEVELOPMENT.","timestamp":"2024-02-16T02:06:40.874Z"}
{"level":"debug","message":"Este es un mensaje de prueba desde el logger de DEVELOPMENT.","timestamp":"2024-02-16T02:10:20.948Z"}
{"level":"info","message":"Logger middleware applied for GET on / - 2024-02-16T02:10:42.591Z","timestamp":"2024-02-16T02:10:42.591Z"}
{"level":"debug","message":"Este es un mensaje de prueba desde el logger de DEVELOPMENT.","timestamp":"2024-02-16T02:22:50.520Z"}
{"level":"info","message":"Logger middleware applied for GET on /%7Bid%7D - 2024-02-16T02:23:46.751Z","timestamp":"2024-02-16T02:23:46.751Z"}
{"kind":"ObjectId","level":"error","message":"Error getting product by ID: Cast to ObjectId failed for value \"{id}\" (type string) at path \"_id\" for model \"products\"","path":"_id","reason":{},"stack":"CastError: Cast to ObjectId failed for value \"{id}\" (type string) at path \"_id\" for model \"products\"\n    at ObjectId.cast (F:\\CoderHouse\\FullStack\\04. BACKEND\\PreEntregas\\DesafioEntregable_DocumentacionAPI\\node_modules\\mongoose\\lib\\schema\\objectid.js:250:11)\n    at SchemaType.applySetters (F:\\CoderHouse\\FullStack\\04. BACKEND\\PreEntregas\\DesafioEntregable_DocumentacionAPI\\node_modules\\mongoose\\lib\\schematype.js:1219:12)\n    at SchemaType.castForQuery (F:\\CoderHouse\\FullStack\\04. BACKEND\\PreEntregas\\DesafioEntregable_DocumentacionAPI\\node_modules\\mongoose\\lib\\schematype.js:1633:15)\n    at cast (F:\\CoderHouse\\FullStack\\04. BACKEND\\PreEntregas\\DesafioEntregable_DocumentacionAPI\\node_modules\\mongoose\\lib\\cast.js:375:32)\n    at Query.cast (F:\\CoderHouse\\FullStack\\04. BACKEND\\PreEntregas\\DesafioEntregable_DocumentacionAPI\\node_modules\\mongoose\\lib\\query.js:4909:12)\n    at Query._castConditions (F:\\CoderHouse\\FullStack\\04. BACKEND\\PreEntregas\\DesafioEntregable_DocumentacionAPI\\node_modules\\mongoose\\lib\\query.js:2232:10)\n    at model.Query._findOne (F:\\CoderHouse\\FullStack\\04. BACKEND\\PreEntregas\\DesafioEntregable_DocumentacionAPI\\node_modules\\mongoose\\lib\\query.js:2518:8)\n    at model.Query.exec (F:\\CoderHouse\\FullStack\\04. BACKEND\\PreEntregas\\DesafioEntregable_DocumentacionAPI\\node_modules\\mongoose\\lib\\query.js:4429:28)\n    at process.processTicksAndRejections (node:internal/process/task_queues:95:5)\n    at async Products.getProductById (file:///F:/CoderHouse/FullStack/04.%20BACKEND/PreEntregas/DesafioEntregable_DocumentacionAPI/src/dao/mongo/classes/products.dao.js:17:25)","stringValue":"\"{id}\"","timestamp":"2024-02-16T02:23:46.756Z","value":"{id}","valueType":"string"}
{"level":"info","message":"Logger middleware applied for GET on /%7Bid%7D - 2024-02-16T02:23:53.362Z","timestamp":"2024-02-16T02:23:53.362Z"}
{"kind":"ObjectId","level":"error","message":"Error getting product by ID: Cast to ObjectId failed for value \"{id}\" (type string) at path \"_id\" for model \"products\"","path":"_id","reason":{},"stack":"CastError: Cast to ObjectId failed for value \"{id}\" (type string) at path \"_id\" for model \"products\"\n    at ObjectId.cast (F:\\CoderHouse\\FullStack\\04. BACKEND\\PreEntregas\\DesafioEntregable_DocumentacionAPI\\node_modules\\mongoose\\lib\\schema\\objectid.js:250:11)\n    at SchemaType.applySetters (F:\\CoderHouse\\FullStack\\04. BACKEND\\PreEntregas\\DesafioEntregable_DocumentacionAPI\\node_modules\\mongoose\\lib\\schematype.js:1219:12)\n    at SchemaType.castForQuery (F:\\CoderHouse\\FullStack\\04. BACKEND\\PreEntregas\\DesafioEntregable_DocumentacionAPI\\node_modules\\mongoose\\lib\\schematype.js:1633:15)\n    at cast (F:\\CoderHouse\\FullStack\\04. BACKEND\\PreEntregas\\DesafioEntregable_DocumentacionAPI\\node_modules\\mongoose\\lib\\cast.js:375:32)\n    at Query.cast (F:\\CoderHouse\\FullStack\\04. BACKEND\\PreEntregas\\DesafioEntregable_DocumentacionAPI\\node_modules\\mongoose\\lib\\query.js:4909:12)\n    at Query._castConditions (F:\\CoderHouse\\FullStack\\04. BACKEND\\PreEntregas\\DesafioEntregable_DocumentacionAPI\\node_modules\\mongoose\\lib\\query.js:2232:10)\n    at model.Query._findOne (F:\\CoderHouse\\FullStack\\04. BACKEND\\PreEntregas\\DesafioEntregable_DocumentacionAPI\\node_modules\\mongoose\\lib\\query.js:2518:8)\n    at model.Query.exec (F:\\CoderHouse\\FullStack\\04. BACKEND\\PreEntregas\\DesafioEntregable_DocumentacionAPI\\node_modules\\mongoose\\lib\\query.js:4429:28)\n    at process.processTicksAndRejections (node:internal/process/task_queues:95:5)\n    at async Products.getProductById (file:///F:/CoderHouse/FullStack/04.%20BACKEND/PreEntregas/DesafioEntregable_DocumentacionAPI/src/dao/mongo/classes/products.dao.js:17:25)","stringValue":"\"{id}\"","timestamp":"2024-02-16T02:23:53.363Z","value":"{id}","valueType":"string"}
{"level":"info","message":"Logger middleware applied for GET on /%7Bid%7D - 2024-02-16T02:23:54.439Z","timestamp":"2024-02-16T02:23:54.439Z"}
{"kind":"ObjectId","level":"error","message":"Error getting product by ID: Cast to ObjectId failed for value \"{id}\" (type string) at path \"_id\" for model \"products\"","path":"_id","reason":{},"stack":"CastError: Cast to ObjectId failed for value \"{id}\" (type string) at path \"_id\" for model \"products\"\n    at ObjectId.cast (F:\\CoderHouse\\FullStack\\04. BACKEND\\PreEntregas\\DesafioEntregable_DocumentacionAPI\\node_modules\\mongoose\\lib\\schema\\objectid.js:250:11)\n    at SchemaType.applySetters (F:\\CoderHouse\\FullStack\\04. BACKEND\\PreEntregas\\DesafioEntregable_DocumentacionAPI\\node_modules\\mongoose\\lib\\schematype.js:1219:12)\n    at SchemaType.castForQuery (F:\\CoderHouse\\FullStack\\04. BACKEND\\PreEntregas\\DesafioEntregable_DocumentacionAPI\\node_modules\\mongoose\\lib\\schematype.js:1633:15)\n    at cast (F:\\CoderHouse\\FullStack\\04. BACKEND\\PreEntregas\\DesafioEntregable_DocumentacionAPI\\node_modules\\mongoose\\lib\\cast.js:375:32)\n    at Query.cast (F:\\CoderHouse\\FullStack\\04. BACKEND\\PreEntregas\\DesafioEntregable_DocumentacionAPI\\node_modules\\mongoose\\lib\\query.js:4909:12)\n    at Query._castConditions (F:\\CoderHouse\\FullStack\\04. BACKEND\\PreEntregas\\DesafioEntregable_DocumentacionAPI\\node_modules\\mongoose\\lib\\query.js:2232:10)\n    at model.Query._findOne (F:\\CoderHouse\\FullStack\\04. BACKEND\\PreEntregas\\DesafioEntregable_DocumentacionAPI\\node_modules\\mongoose\\lib\\query.js:2518:8)\n    at model.Query.exec (F:\\CoderHouse\\FullStack\\04. BACKEND\\PreEntregas\\DesafioEntregable_DocumentacionAPI\\node_modules\\mongoose\\lib\\query.js:4429:28)\n    at process.processTicksAndRejections (node:internal/process/task_queues:95:5)\n    at async Products.getProductById (file:///F:/CoderHouse/FullStack/04.%20BACKEND/PreEntregas/DesafioEntregable_DocumentacionAPI/src/dao/mongo/classes/products.dao.js:17:25)","stringValue":"\"{id}\"","timestamp":"2024-02-16T02:23:54.439Z","value":"{id}","valueType":"string"}
{"level":"info","message":"Logger middleware applied for GET on /%7Bid%7D - 2024-02-16T02:23:55.256Z","timestamp":"2024-02-16T02:23:55.256Z"}
{"kind":"ObjectId","level":"error","message":"Error getting product by ID: Cast to ObjectId failed for value \"{id}\" (type string) at path \"_id\" for model \"products\"","path":"_id","reason":{},"stack":"CastError: Cast to ObjectId failed for value \"{id}\" (type string) at path \"_id\" for model \"products\"\n    at ObjectId.cast (F:\\CoderHouse\\FullStack\\04. BACKEND\\PreEntregas\\DesafioEntregable_DocumentacionAPI\\node_modules\\mongoose\\lib\\schema\\objectid.js:250:11)\n    at SchemaType.applySetters (F:\\CoderHouse\\FullStack\\04. BACKEND\\PreEntregas\\DesafioEntregable_DocumentacionAPI\\node_modules\\mongoose\\lib\\schematype.js:1219:12)\n    at SchemaType.castForQuery (F:\\CoderHouse\\FullStack\\04. BACKEND\\PreEntregas\\DesafioEntregable_DocumentacionAPI\\node_modules\\mongoose\\lib\\schematype.js:1633:15)\n    at cast (F:\\CoderHouse\\FullStack\\04. BACKEND\\PreEntregas\\DesafioEntregable_DocumentacionAPI\\node_modules\\mongoose\\lib\\cast.js:375:32)\n    at Query.cast (F:\\CoderHouse\\FullStack\\04. BACKEND\\PreEntregas\\DesafioEntregable_DocumentacionAPI\\node_modules\\mongoose\\lib\\query.js:4909:12)\n    at Query._castConditions (F:\\CoderHouse\\FullStack\\04. BACKEND\\PreEntregas\\DesafioEntregable_DocumentacionAPI\\node_modules\\mongoose\\lib\\query.js:2232:10)\n    at model.Query._findOne (F:\\CoderHouse\\FullStack\\04. BACKEND\\PreEntregas\\DesafioEntregable_DocumentacionAPI\\node_modules\\mongoose\\lib\\query.js:2518:8)\n    at model.Query.exec (F:\\CoderHouse\\FullStack\\04. BACKEND\\PreEntregas\\DesafioEntregable_DocumentacionAPI\\node_modules\\mongoose\\lib\\query.js:4429:28)\n    at process.processTicksAndRejections (node:internal/process/task_queues:95:5)\n    at async Products.getProductById (file:///F:/CoderHouse/FullStack/04.%20BACKEND/PreEntregas/DesafioEntregable_DocumentacionAPI/src/dao/mongo/classes/products.dao.js:17:25)","stringValue":"\"{id}\"","timestamp":"2024-02-16T02:23:55.256Z","value":"{id}","valueType":"string"}
{"level":"info","message":"Logger middleware applied for GET on / - 2024-02-16T02:24:09.253Z","timestamp":"2024-02-16T02:24:09.253Z"}
{"level":"info","message":"Logger middleware applied for GET on / - 2024-02-16T02:24:12.513Z","timestamp":"2024-02-16T02:24:12.513Z"}
{"level":"info","message":"Logger middleware applied for GET on /%7Bid%7D - 2024-02-16T02:24:21.369Z","timestamp":"2024-02-16T02:24:21.369Z"}
{"kind":"ObjectId","level":"error","message":"Error getting product by ID: Cast to ObjectId failed for value \"{id}\" (type string) at path \"_id\" for model \"products\"","path":"_id","reason":{},"stack":"CastError: Cast to ObjectId failed for value \"{id}\" (type string) at path \"_id\" for model \"products\"\n    at ObjectId.cast (F:\\CoderHouse\\FullStack\\04. BACKEND\\PreEntregas\\DesafioEntregable_DocumentacionAPI\\node_modules\\mongoose\\lib\\schema\\objectid.js:250:11)\n    at SchemaType.applySetters (F:\\CoderHouse\\FullStack\\04. BACKEND\\PreEntregas\\DesafioEntregable_DocumentacionAPI\\node_modules\\mongoose\\lib\\schematype.js:1219:12)\n    at SchemaType.castForQuery (F:\\CoderHouse\\FullStack\\04. BACKEND\\PreEntregas\\DesafioEntregable_DocumentacionAPI\\node_modules\\mongoose\\lib\\schematype.js:1633:15)\n    at cast (F:\\CoderHouse\\FullStack\\04. BACKEND\\PreEntregas\\DesafioEntregable_DocumentacionAPI\\node_modules\\mongoose\\lib\\cast.js:375:32)\n    at Query.cast (F:\\CoderHouse\\FullStack\\04. BACKEND\\PreEntregas\\DesafioEntregable_DocumentacionAPI\\node_modules\\mongoose\\lib\\query.js:4909:12)\n    at Query._castConditions (F:\\CoderHouse\\FullStack\\04. BACKEND\\PreEntregas\\DesafioEntregable_DocumentacionAPI\\node_modules\\mongoose\\lib\\query.js:2232:10)\n    at model.Query._findOne (F:\\CoderHouse\\FullStack\\04. BACKEND\\PreEntregas\\DesafioEntregable_DocumentacionAPI\\node_modules\\mongoose\\lib\\query.js:2518:8)\n    at model.Query.exec (F:\\CoderHouse\\FullStack\\04. BACKEND\\PreEntregas\\DesafioEntregable_DocumentacionAPI\\node_modules\\mongoose\\lib\\query.js:4429:28)\n    at process.processTicksAndRejections (node:internal/process/task_queues:95:5)\n    at async Products.getProductById (file:///F:/CoderHouse/FullStack/04.%20BACKEND/PreEntregas/DesafioEntregable_DocumentacionAPI/src/dao/mongo/classes/products.dao.js:17:25)","stringValue":"\"{id}\"","timestamp":"2024-02-16T02:24:21.370Z","value":"{id}","valueType":"string"}
{"level":"info","message":"Logger middleware applied for GET on /65940f5966470a2b0381421d - 2024-02-16T02:24:32.556Z","timestamp":"2024-02-16T02:24:32.556Z"}
{"level":"info","message":"Logger middleware applied for GET on /%7Bid%7D - 2024-02-16T02:24:38.024Z","timestamp":"2024-02-16T02:24:38.024Z"}
{"kind":"ObjectId","level":"error","message":"Error getting product by ID: Cast to ObjectId failed for value \"{id}\" (type string) at path \"_id\" for model \"products\"","path":"_id","reason":{},"stack":"CastError: Cast to ObjectId failed for value \"{id}\" (type string) at path \"_id\" for model \"products\"\n    at ObjectId.cast (F:\\CoderHouse\\FullStack\\04. BACKEND\\PreEntregas\\DesafioEntregable_DocumentacionAPI\\node_modules\\mongoose\\lib\\schema\\objectid.js:250:11)\n    at SchemaType.applySetters (F:\\CoderHouse\\FullStack\\04. BACKEND\\PreEntregas\\DesafioEntregable_DocumentacionAPI\\node_modules\\mongoose\\lib\\schematype.js:1219:12)\n    at SchemaType.castForQuery (F:\\CoderHouse\\FullStack\\04. BACKEND\\PreEntregas\\DesafioEntregable_DocumentacionAPI\\node_modules\\mongoose\\lib\\schematype.js:1633:15)\n    at cast (F:\\CoderHouse\\FullStack\\04. BACKEND\\PreEntregas\\DesafioEntregable_DocumentacionAPI\\node_modules\\mongoose\\lib\\cast.js:375:32)\n    at Query.cast (F:\\CoderHouse\\FullStack\\04. BACKEND\\PreEntregas\\DesafioEntregable_DocumentacionAPI\\node_modules\\mongoose\\lib\\query.js:4909:12)\n    at Query._castConditions (F:\\CoderHouse\\FullStack\\04. BACKEND\\PreEntregas\\DesafioEntregable_DocumentacionAPI\\node_modules\\mongoose\\lib\\query.js:2232:10)\n    at model.Query._findOne (F:\\CoderHouse\\FullStack\\04. BACKEND\\PreEntregas\\DesafioEntregable_DocumentacionAPI\\node_modules\\mongoose\\lib\\query.js:2518:8)\n    at model.Query.exec (F:\\CoderHouse\\FullStack\\04. BACKEND\\PreEntregas\\DesafioEntregable_DocumentacionAPI\\node_modules\\mongoose\\lib\\query.js:4429:28)\n    at process.processTicksAndRejections (node:internal/process/task_queues:95:5)\n    at async Products.getProductById (file:///F:/CoderHouse/FullStack/04.%20BACKEND/PreEntregas/DesafioEntregable_DocumentacionAPI/src/dao/mongo/classes/products.dao.js:17:25)","stringValue":"\"{id}\"","timestamp":"2024-02-16T02:24:38.025Z","value":"{id}","valueType":"string"}
{"level":"debug","message":"Este es un mensaje de prueba desde el logger de DEVELOPMENT.","timestamp":"2024-02-16T02:27:19.342Z"}
{"level":"info","message":"Logger middleware applied for GET on /%7Bid%7D - 2024-02-16T02:27:34.122Z","timestamp":"2024-02-16T02:27:34.122Z"}
{"kind":"ObjectId","level":"error","message":"Error getting product by ID: Cast to ObjectId failed for value \"{id}\" (type string) at path \"_id\" for model \"products\"","path":"_id","reason":{},"stack":"CastError: Cast to ObjectId failed for value \"{id}\" (type string) at path \"_id\" for model \"products\"\n    at ObjectId.cast (F:\\CoderHouse\\FullStack\\04. BACKEND\\PreEntregas\\DesafioEntregable_DocumentacionAPI\\node_modules\\mongoose\\lib\\schema\\objectid.js:250:11)\n    at SchemaType.applySetters (F:\\CoderHouse\\FullStack\\04. BACKEND\\PreEntregas\\DesafioEntregable_DocumentacionAPI\\node_modules\\mongoose\\lib\\schematype.js:1219:12)\n    at SchemaType.castForQuery (F:\\CoderHouse\\FullStack\\04. BACKEND\\PreEntregas\\DesafioEntregable_DocumentacionAPI\\node_modules\\mongoose\\lib\\schematype.js:1633:15)\n    at cast (F:\\CoderHouse\\FullStack\\04. BACKEND\\PreEntregas\\DesafioEntregable_DocumentacionAPI\\node_modules\\mongoose\\lib\\cast.js:375:32)\n    at Query.cast (F:\\CoderHouse\\FullStack\\04. BACKEND\\PreEntregas\\DesafioEntregable_DocumentacionAPI\\node_modules\\mongoose\\lib\\query.js:4909:12)\n    at Query._castConditions (F:\\CoderHouse\\FullStack\\04. BACKEND\\PreEntregas\\DesafioEntregable_DocumentacionAPI\\node_modules\\mongoose\\lib\\query.js:2232:10)\n    at model.Query._findOne (F:\\CoderHouse\\FullStack\\04. BACKEND\\PreEntregas\\DesafioEntregable_DocumentacionAPI\\node_modules\\mongoose\\lib\\query.js:2518:8)\n    at model.Query.exec (F:\\CoderHouse\\FullStack\\04. BACKEND\\PreEntregas\\DesafioEntregable_DocumentacionAPI\\node_modules\\mongoose\\lib\\query.js:4429:28)\n    at process.processTicksAndRejections (node:internal/process/task_queues:95:5)\n    at async Products.getProductById (file:///F:/CoderHouse/FullStack/04.%20BACKEND/PreEntregas/DesafioEntregable_DocumentacionAPI/src/dao/mongo/classes/products.dao.js:17:25)","stringValue":"\"{id}\"","timestamp":"2024-02-16T02:27:34.126Z","value":"{id}","valueType":"string"}
{"level":"debug","message":"Este es un mensaje de prueba desde el logger de DEVELOPMENT.","timestamp":"2024-02-16T02:29:25.835Z"}
{"level":"info","message":"Logger middleware applied for GET on /65940f5966470a2b0381421d - 2024-02-16T02:29:43.084Z","timestamp":"2024-02-16T02:29:43.084Z"}
{"level":"debug","message":"Este es un mensaje de prueba desde el logger de DEVELOPMENT.","timestamp":"2024-02-16T14:45:35.953Z"}
{"level":"debug","message":"Este es un mensaje de prueba desde el logger de DEVELOPMENT.","timestamp":"2024-02-16T14:46:59.726Z"}
{"level":"info","message":"Logger middleware applied for GET on / - 2024-02-16T14:49:52.938Z","timestamp":"2024-02-16T14:49:52.938Z"}
{"level":"info","message":"Logger middleware applied for GET on / - 2024-02-16T14:53:38.769Z","timestamp":"2024-02-16T14:53:38.769Z"}
{"level":"debug","message":"Este es un mensaje de prueba desde el logger de DEVELOPMENT.","timestamp":"2024-02-16T19:52:20.698Z"}
{"level":"debug","message":"Este es un mensaje de prueba desde el logger de DEVELOPMENT.","timestamp":"2024-02-16T21:22:30.019Z"}
{"level":"info","message":"Logger middleware applied for GET on /mockingproducts - 2024-02-16T21:22:53.468Z","timestamp":"2024-02-16T21:22:53.468Z"}
{"level":"debug","message":"Este es un mensaje de prueba desde el logger de DEVELOPMENT.","timestamp":"2024-02-16T21:53:09.354Z"}
{"level":"debug","message":"Este es un mensaje de prueba desde el logger de DEVELOPMENT.","timestamp":"2024-02-16T21:54:32.370Z"}
{"level":"info","message":"Logger middleware applied for GET on / - 2024-02-16T21:54:54.717Z","timestamp":"2024-02-16T21:54:54.717Z"}
{"level":"debug","message":"Este es un mensaje de prueba desde el logger de DEVELOPMENT.","timestamp":"2024-02-16T22:07:58.614Z"}
{"level":"info","message":"Logger middleware applied for GET on / - 2024-02-16T22:08:54.121Z","timestamp":"2024-02-16T22:08:54.122Z"}
{"level":"info","message":"Logger middleware applied for GET on / - 2024-02-16T22:19:38.101Z","timestamp":"2024-02-16T22:19:38.101Z"}
{"level":"info","message":"Logger middleware applied for GET on /6594aae2250582db19fe0e0a - 2024-02-16T22:29:57.241Z","timestamp":"2024-02-16T22:29:57.242Z"}
{"level":"debug","message":"Este es un mensaje de prueba desde el logger de DEVELOPMENT.","timestamp":"2024-02-16T22:33:15.152Z"}
{"level":"info","message":"Logger middleware applied for GET on / - 2024-02-16T22:36:49.006Z","timestamp":"2024-02-16T22:36:49.006Z"}
{"level":"info","message":"Logger middleware applied for POST on / - 2024-02-16T22:45:44.033Z","timestamp":"2024-02-16T22:45:44.033Z"}
{"level":"info","message":"Logger middleware applied for GET on / - 2024-02-16T22:45:48.247Z","timestamp":"2024-02-16T22:45:48.247Z"}
{"level":"debug","message":"Este es un mensaje de prueba desde el logger de DEVELOPMENT.","timestamp":"2024-02-16T22:56:25.965Z"}
{"level":"debug","message":"Este es un mensaje de prueba desde el logger de DEVELOPMENT.","timestamp":"2024-02-16T23:05:57.563Z"}
{"level":"debug","message":"Este es un mensaje de prueba desde el logger de DEVELOPMENT.","timestamp":"2024-02-16T23:06:56.574Z"}
{"level":"info","message":"Logger middleware applied for POST on / - 2024-02-16T23:07:37.482Z","timestamp":"2024-02-16T23:07:37.483Z"}
{"level":"info","message":"Logger middleware applied for GET on / - 2024-02-16T23:07:46.996Z","timestamp":"2024-02-16T23:07:46.997Z"}
{"level":"debug","message":"Este es un mensaje de prueba desde el logger de DEVELOPMENT.","timestamp":"2024-02-16T23:17:30.359Z"}
{"level":"info","message":"Logger middleware applied for GET on /65cfe5987496344b3b8639ef - 2024-02-16T23:18:05.718Z","timestamp":"2024-02-16T23:18:05.718Z"}
{"level":"info","message":"Logger middleware applied for GET on /6594aae2250582db19fe0e0a - 2024-02-16T23:18:17.015Z","timestamp":"2024-02-16T23:18:17.015Z"}
{"level":"debug","message":"Este es un mensaje de prueba desde el logger de DEVELOPMENT.","timestamp":"2024-02-16T23:36:55.279Z"}
{"level":"info","message":"Logger middleware applied for GET on / - 2024-02-16T23:37:26.485Z","timestamp":"2024-02-16T23:37:26.485Z"}
{"level":"info","message":"Logger middleware applied for DELETE on /65cfeab96818ea23cad616dd - 2024-02-16T23:37:30.640Z","timestamp":"2024-02-16T23:37:30.640Z"}
{"level":"info","message":"Logger middleware applied for GET on / - 2024-02-16T23:37:36.026Z","timestamp":"2024-02-16T23:37:36.027Z"}
{"level":"info","message":"Logger middleware applied for DELETE on /65cfeab96818ea23cad616dd - 2024-02-16T23:37:55.260Z","timestamp":"2024-02-16T23:37:55.260Z"}
{"level":"info","message":"Logger middleware applied for GET on / - 2024-02-16T23:38:12.722Z","timestamp":"2024-02-16T23:38:12.722Z"}
{"level":"info","message":"Logger middleware applied for DELETE on /65cfeab96818ea23cad616dd - 2024-02-16T23:38:28.470Z","timestamp":"2024-02-16T23:38:28.470Z"}
{"level":"info","message":"Logger middleware applied for GET on / - 2024-02-16T23:38:38.688Z","timestamp":"2024-02-16T23:38:38.688Z"}
{"level":"info","message":"Logger middleware applied for GET on / - 2024-02-16T23:39:31.303Z","timestamp":"2024-02-16T23:39:31.303Z"}
{"level":"debug","message":"Este es un mensaje de prueba desde el logger de DEVELOPMENT.","timestamp":"2024-02-16T23:40:59.662Z"}
{"level":"debug","message":"Este es un mensaje de prueba desde el logger de DEVELOPMENT.","timestamp":"2024-02-16T23:43:45.423Z"}
{"level":"debug","message":"Este es un mensaje de prueba desde el logger de DEVELOPMENT.","timestamp":"2024-02-16T23:44:53.881Z"}
{"level":"info","message":"Logger middleware applied for GET on / - 2024-02-16T23:45:53.096Z","timestamp":"2024-02-16T23:45:53.096Z"}
{"level":"info","message":"Logger middleware applied for DELETE on /65cfe5987496344b3b8639ef - 2024-02-16T23:45:58.874Z","timestamp":"2024-02-16T23:45:58.874Z"}
{"level":"info","message":"Logger middleware applied for GET on / - 2024-02-16T23:46:04.178Z","timestamp":"2024-02-16T23:46:04.178Z"}
{"level":"info","message":"Logger middleware applied for GET on / - 2024-02-16T23:46:19.906Z","timestamp":"2024-02-16T23:46:19.906Z"}
{"level":"debug","message":"Este es un mensaje de prueba desde el logger de DEVELOPMENT.","timestamp":"2024-02-16T23:57:53.171Z"}
{"level":"debug","message":"Este es un mensaje de prueba desde el logger de DEVELOPMENT.","timestamp":"2024-02-17T00:01:22.503Z"}
